<?xml version="1.0" encoding="UTF-8"?>
<!-- Generated by org.testng.reporters.JUnitReportReporter -->
<testsuite skipped="0" hostname="AMARS" name="framework.Testng.TestSuite.Class1" tests="3" failures="0" timestamp="2020-01-30T16:10:44 IST" time="0.022" errors="0">
  <testcase name="tc001" time="0.017" classname="framework.Testng.TestSuite.Class1"/>
  <testcase name="tc002" time="0.003" classname="framework.Testng.TestSuite.Class1"/>
  <testcase name="tc003" time="0.002" classname="framework.Testng.TestSuite.Class1"/>
</testsuite> <!-- framework.Testng.TestSuite.Class1 -->
