<?xml version="1.0" encoding="UTF-8"?>
<!-- Generated by org.testng.reporters.JUnitReportReporter -->
<testsuite skipped="0" hostname="AMARS" name="framework.framework.Testng.Test_Priority" tests="3" failures="0" timestamp="2020-01-30T13:30:05 IST" time="0.016" errors="0">
  <testcase name="f" time="0.016" classname="framework.framework.Testng.Test_Priority"/>
  <testcase name="m" time="0.000" classname="framework.framework.Testng.Test_Priority"/>
  <testcase name="a" time="0.000" classname="framework.framework.Testng.Test_Priority"/>
</testsuite> <!-- framework.framework.Testng.Test_Priority -->
