<?xml version="1.0" encoding="UTF-8"?>
<!-- Generated by org.testng.reporters.JUnitReportReporter -->
<testsuite skipped="0" hostname="AMARS" name="framework.framework.Testng.Testng_priority" tests="4" failures="0" timestamp="2020-01-30T13:48:19 IST" time="0.024" errors="0">
  <testcase name="f" time="0.017" classname="framework.framework.Testng.Testng_priority"/>
  <testcase name="m" time="0.002" classname="framework.framework.Testng.Testng_priority"/>
  <testcase name="z" time="0.003" classname="framework.framework.Testng.Testng_priority"/>
  <testcase name="a" time="0.002" classname="framework.framework.Testng.Testng_priority"/>
</testsuite> <!-- framework.framework.Testng.Testng_priority -->
