<?xml version="1.0" encoding="UTF-8"?>
<!-- Generated by org.testng.reporters.JUnitReportReporter -->
<testsuite skipped="0" hostname="AMARS" name="framework.framework.Testng.Pre_And_post_Condition" tests="3" failures="0" timestamp="2020-01-30T14:27:40 IST" time="0.041" errors="0">
  <testcase name="tc001" time="0.011" classname="framework.framework.Testng.Pre_And_post_Condition"/>
  <testcase name="tc002" time="0.017" classname="framework.framework.Testng.Pre_And_post_Condition"/>
  <testcase name="tc003" time="0.013" classname="framework.framework.Testng.Pre_And_post_Condition"/>
</testsuite> <!-- framework.framework.Testng.Pre_And_post_Condition -->
