<?xml version="1.0" encoding="UTF-8"?>
<!-- Generated by org.testng.reporters.JUnitReportReporter -->
<testsuite skipped="0" hostname="AMARS" name="framework.Testng.TestSuite.Class2" tests="3" failures="0" timestamp="2020-01-30T16:10:44 IST" time="0.006" errors="0">
  <testcase name="tc006" time="0.002" classname="framework.Testng.TestSuite.Class2"/>
  <testcase name="tc005" time="0.002" classname="framework.Testng.TestSuite.Class2"/>
  <testcase name="tc004" time="0.002" classname="framework.Testng.TestSuite.Class2"/>
</testsuite> <!-- framework.Testng.TestSuite.Class2 -->
