<?xml version="1.0" encoding="UTF-8"?>
<!-- Generated by org.testng.reporters.JUnitReportReporter -->
<testsuite skipped="0" hostname="AMARS" name="framework.Testng.Mytestng_test" tests="3" failures="0" timestamp="2020-01-30T13:46:11 IST" time="0.036" errors="0">
  <testcase name="tc003" time="0.006" classname="framework.Testng.Mytestng_test"/>
  <testcase name="tc001" time="0.022" classname="framework.Testng.Mytestng_test"/>
  <testcase name="tc002" time="0.008" classname="framework.Testng.Mytestng_test"/>
</testsuite> <!-- framework.Testng.Mytestng_test -->
