<?xml version="1.0" encoding="UTF-8"?>
<!-- Generated by org.testng.reporters.JUnitReportReporter -->
<testsuite skipped="0" hostname="AMARS" name="framework.framework.Testng.Method_Description" tests="3" failures="0" timestamp="2020-01-30T14:09:20 IST" time="0.029" errors="0">
  <testcase name="tc001" time="0.025" classname="framework.framework.Testng.Method_Description"/>
  <testcase name="tc003" time="0.002" classname="framework.framework.Testng.Method_Description"/>
  <testcase name="tc002" time="0.002" classname="framework.framework.Testng.Method_Description"/>
</testsuite> <!-- framework.framework.Testng.Method_Description -->
